Determining if the function shm_open exists failed with the following output:
Change Dir: /home/root2/pytorch-0.1.1/torch/lib/TH/CMakeFiles/CMakeTmp

Run Build Command:"/usr/bin/make" "cmTC_deaa0/fast"
/usr/bin/make -f CMakeFiles/cmTC_deaa0.dir/build.make CMakeFiles/cmTC_deaa0.dir/build
make[1]: Entering directory '/home/root2/pytorch-0.1.1/torch/lib/TH/CMakeFiles/CMakeTmp'
Building C object CMakeFiles/cmTC_deaa0.dir/CheckFunctionExists.c.o
/usr/bin/cc   -fopenmp -DCHECK_FUNCTION_EXISTS=shm_open   -o CMakeFiles/cmTC_deaa0.dir/CheckFunctionExists.c.o   -c /usr/share/cmake-3.10/Modules/CheckFunctionExists.c
Linking C executable cmTC_deaa0
/usr/bin/cmake -E cmake_link_script CMakeFiles/cmTC_deaa0.dir/link.txt --verbose=1
/usr/bin/cc  -fopenmp -DCHECK_FUNCTION_EXISTS=shm_open    -rdynamic CMakeFiles/cmTC_deaa0.dir/CheckFunctionExists.c.o  -o cmTC_deaa0 
CMakeFiles/cmTC_deaa0.dir/CheckFunctionExists.c.o: In function `main':
CheckFunctionExists.c:(.text+0x10): undefined reference to `shm_open'
collect2: error: ld returned 1 exit status
CMakeFiles/cmTC_deaa0.dir/build.make:97: recipe for target 'cmTC_deaa0' failed
make[1]: *** [cmTC_deaa0] Error 1
make[1]: Leaving directory '/home/root2/pytorch-0.1.1/torch/lib/TH/CMakeFiles/CMakeTmp'
Makefile:126: recipe for target 'cmTC_deaa0/fast' failed
make: *** [cmTC_deaa0/fast] Error 2


Determining if the function shm_unlink exists failed with the following output:
Change Dir: /home/root2/pytorch-0.1.1/torch/lib/TH/CMakeFiles/CMakeTmp

Run Build Command:"/usr/bin/make" "cmTC_0c80c/fast"
/usr/bin/make -f CMakeFiles/cmTC_0c80c.dir/build.make CMakeFiles/cmTC_0c80c.dir/build
make[1]: Entering directory '/home/root2/pytorch-0.1.1/torch/lib/TH/CMakeFiles/CMakeTmp'
Building C object CMakeFiles/cmTC_0c80c.dir/CheckFunctionExists.c.o
/usr/bin/cc   -fopenmp -DCHECK_FUNCTION_EXISTS=shm_unlink   -o CMakeFiles/cmTC_0c80c.dir/CheckFunctionExists.c.o   -c /usr/share/cmake-3.10/Modules/CheckFunctionExists.c
Linking C executable cmTC_0c80c
/usr/bin/cmake -E cmake_link_script CMakeFiles/cmTC_0c80c.dir/link.txt --verbose=1
/usr/bin/cc  -fopenmp -DCHECK_FUNCTION_EXISTS=shm_unlink    -rdynamic CMakeFiles/cmTC_0c80c.dir/CheckFunctionExists.c.o  -o cmTC_0c80c 
CMakeFiles/cmTC_0c80c.dir/CheckFunctionExists.c.o: In function `main':
CheckFunctionExists.c:(.text+0x10): undefined reference to `shm_unlink'
collect2: error: ld returned 1 exit status
CMakeFiles/cmTC_0c80c.dir/build.make:97: recipe for target 'cmTC_0c80c' failed
make[1]: *** [cmTC_0c80c] Error 1
make[1]: Leaving directory '/home/root2/pytorch-0.1.1/torch/lib/TH/CMakeFiles/CMakeTmp'
Makefile:126: recipe for target 'cmTC_0c80c/fast' failed
make: *** [cmTC_0c80c/fast] Error 2


